<?xml version="1.0" encoding="UTF-8"?>
<!-- Generated by org.testng.reporters.JUnitReportReporter -->
<testsuite hostname="TYSS-Shobha" failures="0" tests="3" name="Pratice.TestNgEx" time="0.011" errors="0" timestamp="2023-06-21T11:44:11 IST" skipped="1">
  <testcase classname="Pratice.TestNgEx" name="createContact" time="0.011"/>
  <system-out/>
  <testcase classname="Pratice.TestNgEx" name="modifyContact" time="0.000"/>
  <system-out/>
  <testcase classname="Pratice.TestNgEx" name="deleteContact">
    <skipped/>
  </testcase> <!-- deleteContact -->
  <system-out/>
</testsuite> <!-- Pratice.TestNgEx -->
