<?xml version="1.0" encoding="UTF-8"?>
<!-- Generated by org.testng.reporters.JUnitReportReporter -->
<testsuite hostname="TYSS-Shobha" failures="0" tests="1" name="Product.CreateProductTest" time="22.181" errors="0" timestamp="2023-08-31T08:20:36 IST" skipped="0">
  <testcase classname="Product.CreateProductTest" name="createProductTest" time="22.181"/>
  <system-out/>
</testsuite> <!-- Product.CreateProductTest -->
