<?xml version="1.0" encoding="UTF-8"?>
<!-- Generated by org.testng.reporters.JUnitReportReporter -->
<testsuite hostname="TYSS-Shobha" failures="0" tests="3" name="Pratice.DataProviderEx3" time="0.006" errors="0" timestamp="2023-08-15T00:06:01 IST" skipped="0">
  <testcase classname="Pratice.DataProviderEx3" name="bookTickets" time="0.000"/>
  <system-out/>
  <testcase classname="Pratice.DataProviderEx3" name="bookTickets" time="0.005"/>
  <system-out/>
  <testcase classname="Pratice.DataProviderEx3" name="bookTickets" time="0.001"/>
  <system-out/>
</testsuite> <!-- Pratice.DataProviderEx3 -->
