<?xml version="1.0" encoding="UTF-8"?>
<!-- Generated by org.testng.reporters.JUnitReportReporter -->
<testsuite hostname="TYSS-Shobha" failures="0" tests="2" name="Pratice.DataProviderEx1" time="0.011" errors="0" timestamp="2023-06-27T10:29:01 IST" skipped="0">
  <testcase classname="Pratice.DataProviderEx1" name="bookTickets" time="0.010"/>
  <system-out/>
  <testcase classname="Pratice.DataProviderEx1" name="bookTickets" time="0.001"/>
  <system-out/>
</testsuite> <!-- Pratice.DataProviderEx1 -->
