<?xml version="1.0" encoding="UTF-8"?>
<!-- Generated by org.testng.reporters.JUnitReportReporter -->
<testsuite hostname="TYSS-Shobha" failures="0" tests="1" name="Pratice.DataProviderEx2" time="0.000" errors="0" timestamp="2023-08-17T21:15:41 IST" skipped="1">
  <testcase classname="Pratice.DataProviderEx2" name="m1" time="0.000">
    <skipped/>
  </testcase> <!-- m1 -->
  <system-out/>
</testsuite> <!-- Pratice.DataProviderEx2 -->
